<?xml version="1.0" encoding="UTF-8"?>
<testsuite xmlns:xsi="http://www.w3.org/2001/XMLSchema-instance" xsi:noNamespaceSchemaLocation="https://maven.apache.org/surefire/maven-surefire-plugin/xsd/surefire-test-report.xsd" name="com.boot.AppTest" time="0.171" tests="1" errors="0" skipped="0" failures="0">
  <properties>
    <property name="sun.desktop" value="windows"/>
    <property name="awt.toolkit" value="sun.awt.windows.WToolkit"/>
    <property name="file.encoding.pkg" value="sun.io"/>
    <property name="java.specification.version" value="1.8"/>
    <property name="sun.cpu.isalist" value="amd64"/>
    <property name="sun.jnu.encoding" value="Cp1252"/>
    <property name="java.class.path" value="C:\Users\denisa.chicarosa\Desktop\Pluralsight\Spring-boot-first-application\dasboot H2\target\test-classes;C:\Users\denisa.chicarosa\Desktop\Pluralsight\Spring-boot-first-application\dasboot H2\target\classes;C:\Users\denisa.chicarosa\.m2\repository\org\springframework\boot\spring-boot-starter-data-rest\2.0.2.RELEASE\spring-boot-starter-data-rest-2.0.2.RELEASE.jar;C:\Users\denisa.chicarosa\.m2\repository\org\springframework\boot\spring-boot-starter\2.0.2.RELEASE\spring-boot-starter-2.0.2.RELEASE.jar;C:\Users\denisa.chicarosa\.m2\repository\org\springframework\boot\spring-boot-starter-logging\2.0.2.RELEASE\spring-boot-starter-logging-2.0.2.RELEASE.jar;C:\Users\denisa.chicarosa\.m2\repository\ch\qos\logback\logback-classic\1.2.3\logback-classic-1.2.3.jar;C:\Users\denisa.chicarosa\.m2\repository\ch\qos\logback\logback-core\1.2.3\logback-core-1.2.3.jar;C:\Users\denisa.chicarosa\.m2\repository\org\apache\logging\log4j\log4j-to-slf4j\2.10.0\log4j-to-slf4j-2.10.0.jar;C:\Users\denisa.chicarosa\.m2\repository\org\apache\logging\log4j\log4j-api\2.10.0\log4j-api-2.10.0.jar;C:\Users\denisa.chicarosa\.m2\repository\org\slf4j\jul-to-slf4j\1.7.25\jul-to-slf4j-1.7.25.jar;C:\Users\denisa.chicarosa\.m2\repository\javax\annotation\javax.annotation-api\1.3.2\javax.annotation-api-1.3.2.jar;C:\Users\denisa.chicarosa\.m2\repository\org\yaml\snakeyaml\1.19\snakeyaml-1.19.jar;C:\Users\denisa.chicarosa\.m2\repository\org\springframework\boot\spring-boot-starter-json\2.0.2.RELEASE\spring-boot-starter-json-2.0.2.RELEASE.jar;C:\Users\denisa.chicarosa\.m2\repository\com\fasterxml\jackson\core\jackson-databind\2.9.5\jackson-databind-2.9.5.jar;C:\Users\denisa.chicarosa\.m2\repository\com\fasterxml\jackson\core\jackson-core\2.9.5\jackson-core-2.9.5.jar;C:\Users\denisa.chicarosa\.m2\repository\com\fasterxml\jackson\datatype\jackson-datatype-jdk8\2.9.5\jackson-datatype-jdk8-2.9.5.jar;C:\Users\denisa.chicarosa\.m2\repository\com\fasterxml\jackson\datatype\jackson-datatype-jsr310\2.9.5\jackson-datatype-jsr310-2.9.5.jar;C:\Users\denisa.chicarosa\.m2\repository\com\fasterxml\jackson\module\jackson-module-parameter-names\2.9.5\jackson-module-parameter-names-2.9.5.jar;C:\Users\denisa.chicarosa\.m2\repository\org\springframework\data\spring-data-rest-webmvc\3.0.7.RELEASE\spring-data-rest-webmvc-3.0.7.RELEASE.jar;C:\Users\denisa.chicarosa\.m2\repository\org\springframework\data\spring-data-rest-core\3.0.7.RELEASE\spring-data-rest-core-3.0.7.RELEASE.jar;C:\Users\denisa.chicarosa\.m2\repository\org\springframework\hateoas\spring-hateoas\0.24.0.RELEASE\spring-hateoas-0.24.0.RELEASE.jar;C:\Users\denisa.chicarosa\.m2\repository\org\springframework\plugin\spring-plugin-core\1.2.0.RELEASE\spring-plugin-core-1.2.0.RELEASE.jar;C:\Users\denisa.chicarosa\.m2\repository\org\atteo\evo-inflector\1.2.2\evo-inflector-1.2.2.jar;C:\Users\denisa.chicarosa\.m2\repository\com\fasterxml\jackson\core\jackson-annotations\2.9.0\jackson-annotations-2.9.0.jar;C:\Users\denisa.chicarosa\.m2\repository\org\slf4j\slf4j-api\1.7.25\slf4j-api-1.7.25.jar;C:\Users\denisa.chicarosa\.m2\repository\org\springframework\boot\spring-boot-starter-web\2.0.2.RELEASE\spring-boot-starter-web-2.0.2.RELEASE.jar;C:\Users\denisa.chicarosa\.m2\repository\org\springframework\boot\spring-boot-starter-tomcat\2.0.2.RELEASE\spring-boot-starter-tomcat-2.0.2.RELEASE.jar;C:\Users\denisa.chicarosa\.m2\repository\org\apache\tomcat\embed\tomcat-embed-el\8.5.31\tomcat-embed-el-8.5.31.jar;C:\Users\denisa.chicarosa\.m2\repository\org\apache\tomcat\embed\tomcat-embed-websocket\8.5.31\tomcat-embed-websocket-8.5.31.jar;C:\Users\denisa.chicarosa\.m2\repository\org\hibernate\validator\hibernate-validator\6.0.9.Final\hibernate-validator-6.0.9.Final.jar;C:\Users\denisa.chicarosa\.m2\repository\javax\validation\validation-api\2.0.1.Final\validation-api-2.0.1.Final.jar;C:\Users\denisa.chicarosa\.m2\repository\org\jboss\logging\jboss-logging\3.3.2.Final\jboss-logging-3.3.2.Final.jar;C:\Users\denisa.chicarosa\.m2\repository\com\fasterxml\classmate\1.3.4\classmate-1.3.4.jar;C:\Users\denisa.chicarosa\.m2\repository\org\springframework\spring-web\5.0.6.RELEASE\spring-web-5.0.6.RELEASE.jar;C:\Users\denisa.chicarosa\.m2\repository\org\springframework\spring-beans\5.0.6.RELEASE\spring-beans-5.0.6.RELEASE.jar;C:\Users\denisa.chicarosa\.m2\repository\org\springframework\spring-webmvc\5.0.6.RELEASE\spring-webmvc-5.0.6.RELEASE.jar;C:\Users\denisa.chicarosa\.m2\repository\org\springframework\spring-aop\5.0.6.RELEASE\spring-aop-5.0.6.RELEASE.jar;C:\Users\denisa.chicarosa\.m2\repository\org\springframework\spring-context\5.0.6.RELEASE\spring-context-5.0.6.RELEASE.jar;C:\Users\denisa.chicarosa\.m2\repository\org\springframework\spring-expression\5.0.6.RELEASE\spring-expression-5.0.6.RELEASE.jar;C:\Users\denisa.chicarosa\.m2\repository\org\springframework\boot\spring-boot-starter-webflux\2.0.2.RELEASE\spring-boot-starter-webflux-2.0.2.RELEASE.jar;C:\Users\denisa.chicarosa\.m2\repository\org\springframework\boot\spring-boot-starter-reactor-netty\2.0.2.RELEASE\spring-boot-starter-reactor-netty-2.0.2.RELEASE.jar;C:\Users\denisa.chicarosa\.m2\repository\io\projectreactor\ipc\reactor-netty\0.7.7.RELEASE\reactor-netty-0.7.7.RELEASE.jar;C:\Users\denisa.chicarosa\.m2\repository\io\netty\netty-codec-http\4.1.24.Final\netty-codec-http-4.1.24.Final.jar;C:\Users\denisa.chicarosa\.m2\repository\io\netty\netty-codec\4.1.24.Final\netty-codec-4.1.24.Final.jar;C:\Users\denisa.chicarosa\.m2\repository\io\netty\netty-handler\4.1.24.Final\netty-handler-4.1.24.Final.jar;C:\Users\denisa.chicarosa\.m2\repository\io\netty\netty-buffer\4.1.24.Final\netty-buffer-4.1.24.Final.jar;C:\Users\denisa.chicarosa\.m2\repository\io\netty\netty-transport\4.1.24.Final\netty-transport-4.1.24.Final.jar;C:\Users\denisa.chicarosa\.m2\repository\io\netty\netty-resolver\4.1.24.Final\netty-resolver-4.1.24.Final.jar;C:\Users\denisa.chicarosa\.m2\repository\io\netty\netty-handler-proxy\4.1.24.Final\netty-handler-proxy-4.1.24.Final.jar;C:\Users\denisa.chicarosa\.m2\repository\io\netty\netty-codec-socks\4.1.24.Final\netty-codec-socks-4.1.24.Final.jar;C:\Users\denisa.chicarosa\.m2\repository\io\netty\netty-transport-native-epoll\4.1.24.Final\netty-transport-native-epoll-4.1.24.Final-linux-x86_64.jar;C:\Users\denisa.chicarosa\.m2\repository\io\netty\netty-common\4.1.24.Final\netty-common-4.1.24.Final.jar;C:\Users\denisa.chicarosa\.m2\repository\io\netty\netty-transport-native-unix-common\4.1.24.Final\netty-transport-native-unix-common-4.1.24.Final.jar;C:\Users\denisa.chicarosa\.m2\repository\org\springframework\spring-webflux\5.0.6.RELEASE\spring-webflux-5.0.6.RELEASE.jar;C:\Users\denisa.chicarosa\.m2\repository\org\synchronoss\cloud\nio-multipart-parser\1.1.0\nio-multipart-parser-1.1.0.jar;C:\Users\denisa.chicarosa\.m2\repository\org\synchronoss\cloud\nio-stream-storage\1.1.3\nio-stream-storage-1.1.3.jar;C:\Users\denisa.chicarosa\.m2\repository\org\springframework\session\spring-session-core\2.0.3.RELEASE\spring-session-core-2.0.3.RELEASE.jar;C:\Users\denisa.chicarosa\.m2\repository\org\springframework\spring-jcl\5.0.6.RELEASE\spring-jcl-5.0.6.RELEASE.jar;C:\Users\denisa.chicarosa\.m2\repository\javax\xml\bind\jaxb-api\2.3.1\jaxb-api-2.3.1.jar;C:\Users\denisa.chicarosa\.m2\repository\javax\activation\javax.activation-api\1.2.0\javax.activation-api-1.2.0.jar;C:\Users\denisa.chicarosa\.m2\repository\org\javassist\javassist\3.23.1-GA\javassist-3.23.1-GA.jar;C:\Users\denisa.chicarosa\.m2\repository\org\springframework\boot\spring-boot-devtools\2.0.2.RELEASE\spring-boot-devtools-2.0.2.RELEASE.jar;C:\Users\denisa.chicarosa\.m2\repository\org\springframework\boot\spring-boot\2.0.2.RELEASE\spring-boot-2.0.2.RELEASE.jar;C:\Users\denisa.chicarosa\.m2\repository\org\springframework\boot\spring-boot-autoconfigure\2.0.2.RELEASE\spring-boot-autoconfigure-2.0.2.RELEASE.jar;C:\Users\denisa.chicarosa\.m2\repository\org\springframework\boot\spring-boot-configuration-processor\2.0.2.RELEASE\spring-boot-configuration-processor-2.0.2.RELEASE.jar;C:\Users\denisa.chicarosa\.m2\repository\org\projectlombok\lombok\1.16.20\lombok-1.16.20.jar;C:\Users\denisa.chicarosa\.m2\repository\org\springframework\boot\spring-boot-starter-test\2.0.2.RELEASE\spring-boot-starter-test-2.0.2.RELEASE.jar;C:\Users\denisa.chicarosa\.m2\repository\org\springframework\boot\spring-boot-test\2.0.2.RELEASE\spring-boot-test-2.0.2.RELEASE.jar;C:\Users\denisa.chicarosa\.m2\repository\org\springframework\boot\spring-boot-test-autoconfigure\2.0.2.RELEASE\spring-boot-test-autoconfigure-2.0.2.RELEASE.jar;C:\Users\denisa.chicarosa\.m2\repository\com\jayway\jsonpath\json-path\2.4.0\json-path-2.4.0.jar;C:\Users\denisa.chicarosa\.m2\repository\net\minidev\json-smart\2.3\json-smart-2.3.jar;C:\Users\denisa.chicarosa\.m2\repository\net\minidev\accessors-smart\1.2\accessors-smart-1.2.jar;C:\Users\denisa.chicarosa\.m2\repository\org\ow2\asm\asm\5.0.4\asm-5.0.4.jar;C:\Users\denisa.chicarosa\.m2\repository\junit\junit\4.12\junit-4.12.jar;C:\Users\denisa.chicarosa\.m2\repository\org\assertj\assertj-core\3.9.1\assertj-core-3.9.1.jar;C:\Users\denisa.chicarosa\.m2\repository\org\mockito\mockito-core\2.15.0\mockito-core-2.15.0.jar;C:\Users\denisa.chicarosa\.m2\repository\net\bytebuddy\byte-buddy\1.7.11\byte-buddy-1.7.11.jar;C:\Users\denisa.chicarosa\.m2\repository\net\bytebuddy\byte-buddy-agent\1.7.11\byte-buddy-agent-1.7.11.jar;C:\Users\denisa.chicarosa\.m2\repository\org\objenesis\objenesis\2.6\objenesis-2.6.jar;C:\Users\denisa.chicarosa\.m2\repository\org\hamcrest\hamcrest-core\1.3\hamcrest-core-1.3.jar;C:\Users\denisa.chicarosa\.m2\repository\org\hamcrest\hamcrest-library\1.3\hamcrest-library-1.3.jar;C:\Users\denisa.chicarosa\.m2\repository\org\skyscreamer\jsonassert\1.5.0\jsonassert-1.5.0.jar;C:\Users\denisa.chicarosa\.m2\repository\com\vaadin\external\google\android-json\0.0.20131108.vaadin1\android-json-0.0.20131108.vaadin1.jar;C:\Users\denisa.chicarosa\.m2\repository\org\springframework\spring-core\5.0.6.RELEASE\spring-core-5.0.6.RELEASE.jar;C:\Users\denisa.chicarosa\.m2\repository\org\springframework\spring-test\5.0.6.RELEASE\spring-test-5.0.6.RELEASE.jar;C:\Users\denisa.chicarosa\.m2\repository\org\xmlunit\xmlunit-core\2.5.1\xmlunit-core-2.5.1.jar;C:\Users\denisa.chicarosa\.m2\repository\io\projectreactor\reactor-test\3.1.7.RELEASE\reactor-test-3.1.7.RELEASE.jar;C:\Users\denisa.chicarosa\.m2\repository\io\projectreactor\reactor-core\3.1.7.RELEASE\reactor-core-3.1.7.RELEASE.jar;C:\Users\denisa.chicarosa\.m2\repository\org\reactivestreams\reactive-streams\1.0.2\reactive-streams-1.0.2.jar;C:\Users\denisa.chicarosa\.m2\repository\org\springframework\boot\spring-boot-starter-data-jpa\2.0.2.RELEASE\spring-boot-starter-data-jpa-2.0.2.RELEASE.jar;C:\Users\denisa.chicarosa\.m2\repository\org\springframework\boot\spring-boot-starter-aop\2.0.2.RELEASE\spring-boot-starter-aop-2.0.2.RELEASE.jar;C:\Users\denisa.chicarosa\.m2\repository\org\aspectj\aspectjweaver\1.8.13\aspectjweaver-1.8.13.jar;C:\Users\denisa.chicarosa\.m2\repository\org\springframework\boot\spring-boot-starter-jdbc\2.0.2.RELEASE\spring-boot-starter-jdbc-2.0.2.RELEASE.jar;C:\Users\denisa.chicarosa\.m2\repository\com\zaxxer\HikariCP\2.7.9\HikariCP-2.7.9.jar;C:\Users\denisa.chicarosa\.m2\repository\org\springframework\spring-jdbc\5.0.6.RELEASE\spring-jdbc-5.0.6.RELEASE.jar;C:\Users\denisa.chicarosa\.m2\repository\org\hibernate\hibernate-core\5.2.17.Final\hibernate-core-5.2.17.Final.jar;C:\Users\denisa.chicarosa\.m2\repository\org\hibernate\javax\persistence\hibernate-jpa-2.1-api\1.0.0.Final\hibernate-jpa-2.1-api-1.0.0.Final.jar;C:\Users\denisa.chicarosa\.m2\repository\antlr\antlr\2.7.7\antlr-2.7.7.jar;C:\Users\denisa.chicarosa\.m2\repository\org\jboss\jandex\2.0.3.Final\jandex-2.0.3.Final.jar;C:\Users\denisa.chicarosa\.m2\repository\dom4j\dom4j\1.6.1\dom4j-1.6.1.jar;C:\Users\denisa.chicarosa\.m2\repository\org\hibernate\common\hibernate-commons-annotations\5.0.1.Final\hibernate-commons-annotations-5.0.1.Final.jar;C:\Users\denisa.chicarosa\.m2\repository\javax\transaction\javax.transaction-api\1.2\javax.transaction-api-1.2.jar;C:\Users\denisa.chicarosa\.m2\repository\org\springframework\data\spring-data-jpa\2.0.7.RELEASE\spring-data-jpa-2.0.7.RELEASE.jar;C:\Users\denisa.chicarosa\.m2\repository\org\springframework\data\spring-data-commons\2.0.7.RELEASE\spring-data-commons-2.0.7.RELEASE.jar;C:\Users\denisa.chicarosa\.m2\repository\org\springframework\spring-orm\5.0.6.RELEASE\spring-orm-5.0.6.RELEASE.jar;C:\Users\denisa.chicarosa\.m2\repository\org\springframework\spring-tx\5.0.6.RELEASE\spring-tx-5.0.6.RELEASE.jar;C:\Users\denisa.chicarosa\.m2\repository\org\springframework\spring-aspects\5.0.6.RELEASE\spring-aspects-5.0.6.RELEASE.jar;C:\Users\denisa.chicarosa\.m2\repository\com\h2database\h2\1.4.199\h2-1.4.199.jar;C:\Users\denisa.chicarosa\.m2\repository\org\flywaydb\flyway-core\5.0.7\flyway-core-5.0.7.jar;C:\Users\denisa.chicarosa\.m2\repository\org\apache\tomcat\embed\tomcat-embed-core\9.0.22\tomcat-embed-core-9.0.22.jar;C:\Users\denisa.chicarosa\.m2\repository\org\apache\tomcat\tomcat-annotations-api\8.5.31\tomcat-annotations-api-8.5.31.jar;C:\Users\denisa.chicarosa\.m2\repository\org\mockito\mockito-all\2.0.2-beta\mockito-all-2.0.2-beta.jar;"/>
    <property name="java.vm.vendor" value="Oracle Corporation"/>
    <property name="sun.arch.data.model" value="64"/>
    <property name="user.variant" value=""/>
    <property name="java.vendor.url" value="http://java.oracle.com/"/>
    <property name="user.timezone" value=""/>
    <property name="java.vm.specification.version" value="1.8"/>
    <property name="os.name" value="Windows 10"/>
    <property name="user.country" value="US"/>
    <property name="sun.java.launcher" value="SUN_STANDARD"/>
    <property name="sun.boot.library.path" value="C:\Program Files\Java\jdk\jre\bin"/>
    <property name="sun.java.command" value="C:\Users\DENISA~1.CHI\AppData\Local\Temp\surefire1520061492756405874\surefirebooter7449498883231701039.jar C:\Users\denisa.chicarosa\AppData\Local\Temp\surefire1520061492756405874 2019-07-19T11-21-26_382-jvmRun1 surefire3763166361019178593tmp surefire_04582727619253276244tmp"/>
    <property name="surefire.test.class.path" value="C:\Users\denisa.chicarosa\Desktop\Pluralsight\Spring-boot-first-application\dasboot H2\target\test-classes;C:\Users\denisa.chicarosa\Desktop\Pluralsight\Spring-boot-first-application\dasboot H2\target\classes;C:\Users\denisa.chicarosa\.m2\repository\org\springframework\boot\spring-boot-starter-data-rest\2.0.2.RELEASE\spring-boot-starter-data-rest-2.0.2.RELEASE.jar;C:\Users\denisa.chicarosa\.m2\repository\org\springframework\boot\spring-boot-starter\2.0.2.RELEASE\spring-boot-starter-2.0.2.RELEASE.jar;C:\Users\denisa.chicarosa\.m2\repository\org\springframework\boot\spring-boot-starter-logging\2.0.2.RELEASE\spring-boot-starter-logging-2.0.2.RELEASE.jar;C:\Users\denisa.chicarosa\.m2\repository\ch\qos\logback\logback-classic\1.2.3\logback-classic-1.2.3.jar;C:\Users\denisa.chicarosa\.m2\repository\ch\qos\logback\logback-core\1.2.3\logback-core-1.2.3.jar;C:\Users\denisa.chicarosa\.m2\repository\org\apache\logging\log4j\log4j-to-slf4j\2.10.0\log4j-to-slf4j-2.10.0.jar;C:\Users\denisa.chicarosa\.m2\repository\org\apache\logging\log4j\log4j-api\2.10.0\log4j-api-2.10.0.jar;C:\Users\denisa.chicarosa\.m2\repository\org\slf4j\jul-to-slf4j\1.7.25\jul-to-slf4j-1.7.25.jar;C:\Users\denisa.chicarosa\.m2\repository\javax\annotation\javax.annotation-api\1.3.2\javax.annotation-api-1.3.2.jar;C:\Users\denisa.chicarosa\.m2\repository\org\yaml\snakeyaml\1.19\snakeyaml-1.19.jar;C:\Users\denisa.chicarosa\.m2\repository\org\springframework\boot\spring-boot-starter-json\2.0.2.RELEASE\spring-boot-starter-json-2.0.2.RELEASE.jar;C:\Users\denisa.chicarosa\.m2\repository\com\fasterxml\jackson\core\jackson-databind\2.9.5\jackson-databind-2.9.5.jar;C:\Users\denisa.chicarosa\.m2\repository\com\fasterxml\jackson\core\jackson-core\2.9.5\jackson-core-2.9.5.jar;C:\Users\denisa.chicarosa\.m2\repository\com\fasterxml\jackson\datatype\jackson-datatype-jdk8\2.9.5\jackson-datatype-jdk8-2.9.5.jar;C:\Users\denisa.chicarosa\.m2\repository\com\fasterxml\jackson\datatype\jackson-datatype-jsr310\2.9.5\jackson-datatype-jsr310-2.9.5.jar;C:\Users\denisa.chicarosa\.m2\repository\com\fasterxml\jackson\module\jackson-module-parameter-names\2.9.5\jackson-module-parameter-names-2.9.5.jar;C:\Users\denisa.chicarosa\.m2\repository\org\springframework\data\spring-data-rest-webmvc\3.0.7.RELEASE\spring-data-rest-webmvc-3.0.7.RELEASE.jar;C:\Users\denisa.chicarosa\.m2\repository\org\springframework\data\spring-data-rest-core\3.0.7.RELEASE\spring-data-rest-core-3.0.7.RELEASE.jar;C:\Users\denisa.chicarosa\.m2\repository\org\springframework\hateoas\spring-hateoas\0.24.0.RELEASE\spring-hateoas-0.24.0.RELEASE.jar;C:\Users\denisa.chicarosa\.m2\repository\org\springframework\plugin\spring-plugin-core\1.2.0.RELEASE\spring-plugin-core-1.2.0.RELEASE.jar;C:\Users\denisa.chicarosa\.m2\repository\org\atteo\evo-inflector\1.2.2\evo-inflector-1.2.2.jar;C:\Users\denisa.chicarosa\.m2\repository\com\fasterxml\jackson\core\jackson-annotations\2.9.0\jackson-annotations-2.9.0.jar;C:\Users\denisa.chicarosa\.m2\repository\org\slf4j\slf4j-api\1.7.25\slf4j-api-1.7.25.jar;C:\Users\denisa.chicarosa\.m2\repository\org\springframework\boot\spring-boot-starter-web\2.0.2.RELEASE\spring-boot-starter-web-2.0.2.RELEASE.jar;C:\Users\denisa.chicarosa\.m2\repository\org\springframework\boot\spring-boot-starter-tomcat\2.0.2.RELEASE\spring-boot-starter-tomcat-2.0.2.RELEASE.jar;C:\Users\denisa.chicarosa\.m2\repository\org\apache\tomcat\embed\tomcat-embed-el\8.5.31\tomcat-embed-el-8.5.31.jar;C:\Users\denisa.chicarosa\.m2\repository\org\apache\tomcat\embed\tomcat-embed-websocket\8.5.31\tomcat-embed-websocket-8.5.31.jar;C:\Users\denisa.chicarosa\.m2\repository\org\hibernate\validator\hibernate-validator\6.0.9.Final\hibernate-validator-6.0.9.Final.jar;C:\Users\denisa.chicarosa\.m2\repository\javax\validation\validation-api\2.0.1.Final\validation-api-2.0.1.Final.jar;C:\Users\denisa.chicarosa\.m2\repository\org\jboss\logging\jboss-logging\3.3.2.Final\jboss-logging-3.3.2.Final.jar;C:\Users\denisa.chicarosa\.m2\repository\com\fasterxml\classmate\1.3.4\classmate-1.3.4.jar;C:\Users\denisa.chicarosa\.m2\repository\org\springframework\spring-web\5.0.6.RELEASE\spring-web-5.0.6.RELEASE.jar;C:\Users\denisa.chicarosa\.m2\repository\org\springframework\spring-beans\5.0.6.RELEASE\spring-beans-5.0.6.RELEASE.jar;C:\Users\denisa.chicarosa\.m2\repository\org\springframework\spring-webmvc\5.0.6.RELEASE\spring-webmvc-5.0.6.RELEASE.jar;C:\Users\denisa.chicarosa\.m2\repository\org\springframework\spring-aop\5.0.6.RELEASE\spring-aop-5.0.6.RELEASE.jar;C:\Users\denisa.chicarosa\.m2\repository\org\springframework\spring-context\5.0.6.RELEASE\spring-context-5.0.6.RELEASE.jar;C:\Users\denisa.chicarosa\.m2\repository\org\springframework\spring-expression\5.0.6.RELEASE\spring-expression-5.0.6.RELEASE.jar;C:\Users\denisa.chicarosa\.m2\repository\org\springframework\boot\spring-boot-starter-webflux\2.0.2.RELEASE\spring-boot-starter-webflux-2.0.2.RELEASE.jar;C:\Users\denisa.chicarosa\.m2\repository\org\springframework\boot\spring-boot-starter-reactor-netty\2.0.2.RELEASE\spring-boot-starter-reactor-netty-2.0.2.RELEASE.jar;C:\Users\denisa.chicarosa\.m2\repository\io\projectreactor\ipc\reactor-netty\0.7.7.RELEASE\reactor-netty-0.7.7.RELEASE.jar;C:\Users\denisa.chicarosa\.m2\repository\io\netty\netty-codec-http\4.1.24.Final\netty-codec-http-4.1.24.Final.jar;C:\Users\denisa.chicarosa\.m2\repository\io\netty\netty-codec\4.1.24.Final\netty-codec-4.1.24.Final.jar;C:\Users\denisa.chicarosa\.m2\repository\io\netty\netty-handler\4.1.24.Final\netty-handler-4.1.24.Final.jar;C:\Users\denisa.chicarosa\.m2\repository\io\netty\netty-buffer\4.1.24.Final\netty-buffer-4.1.24.Final.jar;C:\Users\denisa.chicarosa\.m2\repository\io\netty\netty-transport\4.1.24.Final\netty-transport-4.1.24.Final.jar;C:\Users\denisa.chicarosa\.m2\repository\io\netty\netty-resolver\4.1.24.Final\netty-resolver-4.1.24.Final.jar;C:\Users\denisa.chicarosa\.m2\repository\io\netty\netty-handler-proxy\4.1.24.Final\netty-handler-proxy-4.1.24.Final.jar;C:\Users\denisa.chicarosa\.m2\repository\io\netty\netty-codec-socks\4.1.24.Final\netty-codec-socks-4.1.24.Final.jar;C:\Users\denisa.chicarosa\.m2\repository\io\netty\netty-transport-native-epoll\4.1.24.Final\netty-transport-native-epoll-4.1.24.Final-linux-x86_64.jar;C:\Users\denisa.chicarosa\.m2\repository\io\netty\netty-common\4.1.24.Final\netty-common-4.1.24.Final.jar;C:\Users\denisa.chicarosa\.m2\repository\io\netty\netty-transport-native-unix-common\4.1.24.Final\netty-transport-native-unix-common-4.1.24.Final.jar;C:\Users\denisa.chicarosa\.m2\repository\org\springframework\spring-webflux\5.0.6.RELEASE\spring-webflux-5.0.6.RELEASE.jar;C:\Users\denisa.chicarosa\.m2\repository\org\synchronoss\cloud\nio-multipart-parser\1.1.0\nio-multipart-parser-1.1.0.jar;C:\Users\denisa.chicarosa\.m2\repository\org\synchronoss\cloud\nio-stream-storage\1.1.3\nio-stream-storage-1.1.3.jar;C:\Users\denisa.chicarosa\.m2\repository\org\springframework\session\spring-session-core\2.0.3.RELEASE\spring-session-core-2.0.3.RELEASE.jar;C:\Users\denisa.chicarosa\.m2\repository\org\springframework\spring-jcl\5.0.6.RELEASE\spring-jcl-5.0.6.RELEASE.jar;C:\Users\denisa.chicarosa\.m2\repository\javax\xml\bind\jaxb-api\2.3.1\jaxb-api-2.3.1.jar;C:\Users\denisa.chicarosa\.m2\repository\javax\activation\javax.activation-api\1.2.0\javax.activation-api-1.2.0.jar;C:\Users\denisa.chicarosa\.m2\repository\org\javassist\javassist\3.23.1-GA\javassist-3.23.1-GA.jar;C:\Users\denisa.chicarosa\.m2\repository\org\springframework\boot\spring-boot-devtools\2.0.2.RELEASE\spring-boot-devtools-2.0.2.RELEASE.jar;C:\Users\denisa.chicarosa\.m2\repository\org\springframework\boot\spring-boot\2.0.2.RELEASE\spring-boot-2.0.2.RELEASE.jar;C:\Users\denisa.chicarosa\.m2\repository\org\springframework\boot\spring-boot-autoconfigure\2.0.2.RELEASE\spring-boot-autoconfigure-2.0.2.RELEASE.jar;C:\Users\denisa.chicarosa\.m2\repository\org\springframework\boot\spring-boot-configuration-processor\2.0.2.RELEASE\spring-boot-configuration-processor-2.0.2.RELEASE.jar;C:\Users\denisa.chicarosa\.m2\repository\org\projectlombok\lombok\1.16.20\lombok-1.16.20.jar;C:\Users\denisa.chicarosa\.m2\repository\org\springframework\boot\spring-boot-starter-test\2.0.2.RELEASE\spring-boot-starter-test-2.0.2.RELEASE.jar;C:\Users\denisa.chicarosa\.m2\repository\org\springframework\boot\spring-boot-test\2.0.2.RELEASE\spring-boot-test-2.0.2.RELEASE.jar;C:\Users\denisa.chicarosa\.m2\repository\org\springframework\boot\spring-boot-test-autoconfigure\2.0.2.RELEASE\spring-boot-test-autoconfigure-2.0.2.RELEASE.jar;C:\Users\denisa.chicarosa\.m2\repository\com\jayway\jsonpath\json-path\2.4.0\json-path-2.4.0.jar;C:\Users\denisa.chicarosa\.m2\repository\net\minidev\json-smart\2.3\json-smart-2.3.jar;C:\Users\denisa.chicarosa\.m2\repository\net\minidev\accessors-smart\1.2\accessors-smart-1.2.jar;C:\Users\denisa.chicarosa\.m2\repository\org\ow2\asm\asm\5.0.4\asm-5.0.4.jar;C:\Users\denisa.chicarosa\.m2\repository\junit\junit\4.12\junit-4.12.jar;C:\Users\denisa.chicarosa\.m2\repository\org\assertj\assertj-core\3.9.1\assertj-core-3.9.1.jar;C:\Users\denisa.chicarosa\.m2\repository\org\mockito\mockito-core\2.15.0\mockito-core-2.15.0.jar;C:\Users\denisa.chicarosa\.m2\repository\net\bytebuddy\byte-buddy\1.7.11\byte-buddy-1.7.11.jar;C:\Users\denisa.chicarosa\.m2\repository\net\bytebuddy\byte-buddy-agent\1.7.11\byte-buddy-agent-1.7.11.jar;C:\Users\denisa.chicarosa\.m2\repository\org\objenesis\objenesis\2.6\objenesis-2.6.jar;C:\Users\denisa.chicarosa\.m2\repository\org\hamcrest\hamcrest-core\1.3\hamcrest-core-1.3.jar;C:\Users\denisa.chicarosa\.m2\repository\org\hamcrest\hamcrest-library\1.3\hamcrest-library-1.3.jar;C:\Users\denisa.chicarosa\.m2\repository\org\skyscreamer\jsonassert\1.5.0\jsonassert-1.5.0.jar;C:\Users\denisa.chicarosa\.m2\repository\com\vaadin\external\google\android-json\0.0.20131108.vaadin1\android-json-0.0.20131108.vaadin1.jar;C:\Users\denisa.chicarosa\.m2\repository\org\springframework\spring-core\5.0.6.RELEASE\spring-core-5.0.6.RELEASE.jar;C:\Users\denisa.chicarosa\.m2\repository\org\springframework\spring-test\5.0.6.RELEASE\spring-test-5.0.6.RELEASE.jar;C:\Users\denisa.chicarosa\.m2\repository\org\xmlunit\xmlunit-core\2.5.1\xmlunit-core-2.5.1.jar;C:\Users\denisa.chicarosa\.m2\repository\io\projectreactor\reactor-test\3.1.7.RELEASE\reactor-test-3.1.7.RELEASE.jar;C:\Users\denisa.chicarosa\.m2\repository\io\projectreactor\reactor-core\3.1.7.RELEASE\reactor-core-3.1.7.RELEASE.jar;C:\Users\denisa.chicarosa\.m2\repository\org\reactivestreams\reactive-streams\1.0.2\reactive-streams-1.0.2.jar;C:\Users\denisa.chicarosa\.m2\repository\org\springframework\boot\spring-boot-starter-data-jpa\2.0.2.RELEASE\spring-boot-starter-data-jpa-2.0.2.RELEASE.jar;C:\Users\denisa.chicarosa\.m2\repository\org\springframework\boot\spring-boot-starter-aop\2.0.2.RELEASE\spring-boot-starter-aop-2.0.2.RELEASE.jar;C:\Users\denisa.chicarosa\.m2\repository\org\aspectj\aspectjweaver\1.8.13\aspectjweaver-1.8.13.jar;C:\Users\denisa.chicarosa\.m2\repository\org\springframework\boot\spring-boot-starter-jdbc\2.0.2.RELEASE\spring-boot-starter-jdbc-2.0.2.RELEASE.jar;C:\Users\denisa.chicarosa\.m2\repository\com\zaxxer\HikariCP\2.7.9\HikariCP-2.7.9.jar;C:\Users\denisa.chicarosa\.m2\repository\org\springframework\spring-jdbc\5.0.6.RELEASE\spring-jdbc-5.0.6.RELEASE.jar;C:\Users\denisa.chicarosa\.m2\repository\org\hibernate\hibernate-core\5.2.17.Final\hibernate-core-5.2.17.Final.jar;C:\Users\denisa.chicarosa\.m2\repository\org\hibernate\javax\persistence\hibernate-jpa-2.1-api\1.0.0.Final\hibernate-jpa-2.1-api-1.0.0.Final.jar;C:\Users\denisa.chicarosa\.m2\repository\antlr\antlr\2.7.7\antlr-2.7.7.jar;C:\Users\denisa.chicarosa\.m2\repository\org\jboss\jandex\2.0.3.Final\jandex-2.0.3.Final.jar;C:\Users\denisa.chicarosa\.m2\repository\dom4j\dom4j\1.6.1\dom4j-1.6.1.jar;C:\Users\denisa.chicarosa\.m2\repository\org\hibernate\common\hibernate-commons-annotations\5.0.1.Final\hibernate-commons-annotations-5.0.1.Final.jar;C:\Users\denisa.chicarosa\.m2\repository\javax\transaction\javax.transaction-api\1.2\javax.transaction-api-1.2.jar;C:\Users\denisa.chicarosa\.m2\repository\org\springframework\data\spring-data-jpa\2.0.7.RELEASE\spring-data-jpa-2.0.7.RELEASE.jar;C:\Users\denisa.chicarosa\.m2\repository\org\springframework\data\spring-data-commons\2.0.7.RELEASE\spring-data-commons-2.0.7.RELEASE.jar;C:\Users\denisa.chicarosa\.m2\repository\org\springframework\spring-orm\5.0.6.RELEASE\spring-orm-5.0.6.RELEASE.jar;C:\Users\denisa.chicarosa\.m2\repository\org\springframework\spring-tx\5.0.6.RELEASE\spring-tx-5.0.6.RELEASE.jar;C:\Users\denisa.chicarosa\.m2\repository\org\springframework\spring-aspects\5.0.6.RELEASE\spring-aspects-5.0.6.RELEASE.jar;C:\Users\denisa.chicarosa\.m2\repository\com\h2database\h2\1.4.199\h2-1.4.199.jar;C:\Users\denisa.chicarosa\.m2\repository\org\flywaydb\flyway-core\5.0.7\flyway-core-5.0.7.jar;C:\Users\denisa.chicarosa\.m2\repository\org\apache\tomcat\embed\tomcat-embed-core\9.0.22\tomcat-embed-core-9.0.22.jar;C:\Users\denisa.chicarosa\.m2\repository\org\apache\tomcat\tomcat-annotations-api\8.5.31\tomcat-annotations-api-8.5.31.jar;C:\Users\denisa.chicarosa\.m2\repository\org\mockito\mockito-all\2.0.2-beta\mockito-all-2.0.2-beta.jar;"/>
    <property name="sun.cpu.endian" value="little"/>
    <property name="user.home" value="C:\Users\denisa.chicarosa"/>
    <property name="user.language" value="en"/>
    <property name="java.specification.vendor" value="Oracle Corporation"/>
    <property name="java.home" value="C:\Program Files\Java\jdk\jre"/>
    <property name="basedir" value="C:\Users\denisa.chicarosa\Desktop\Pluralsight\Spring-boot-first-application\dasboot H2"/>
    <property name="file.separator" value="\"/>
    <property name="line.separator" value="&#10;"/>
    <property name="java.vm.specification.vendor" value="Oracle Corporation"/>
    <property name="java.specification.name" value="Java Platform API Specification"/>
    <property name="java.awt.graphicsenv" value="sun.awt.Win32GraphicsEnvironment"/>
    <property name="surefire.real.class.path" value="C:\Users\DENISA~1.CHI\AppData\Local\Temp\surefire1520061492756405874\surefirebooter7449498883231701039.jar"/>
    <property name="sun.boot.class.path" value="C:\Program Files\Java\jdk\jre\lib\resources.jar;C:\Program Files\Java\jdk\jre\lib\rt.jar;C:\Program Files\Java\jdk\jre\lib\sunrsasign.jar;C:\Program Files\Java\jdk\jre\lib\jsse.jar;C:\Program Files\Java\jdk\jre\lib\jce.jar;C:\Program Files\Java\jdk\jre\lib\charsets.jar;C:\Program Files\Java\jdk\jre\lib\jfr.jar;C:\Program Files\Java\jdk\jre\classes"/>
    <property name="user.script" value=""/>
    <property name="sun.management.compiler" value="HotSpot 64-Bit Tiered Compilers"/>
    <property name="java.runtime.version" value="1.8.0_211-b12"/>
    <property name="user.name" value="denisa.chicarosa"/>
    <property name="path.separator" value=";"/>
    <property name="os.version" value="10.0"/>
    <property name="java.endorsed.dirs" value="C:\Program Files\Java\jdk\jre\lib\endorsed"/>
    <property name="java.runtime.name" value="Java(TM) SE Runtime Environment"/>
    <property name="file.encoding" value="Cp1252"/>
    <property name="java.vm.name" value="Java HotSpot(TM) 64-Bit Server VM"/>
    <property name="localRepository" value="C:\Users\denisa.chicarosa\.m2\repository"/>
    <property name="java.vendor.url.bug" value="http://bugreport.sun.com/bugreport/"/>
    <property name="java.io.tmpdir" value="C:\Users\DENISA~1.CHI\AppData\Local\Temp\"/>
    <property name="java.version" value="1.8.0_211"/>
    <property name="user.dir" value="C:\Users\denisa.chicarosa\Desktop\Pluralsight\Spring-boot-first-application\dasboot H2"/>
    <property name="os.arch" value="amd64"/>
    <property name="java.vm.specification.name" value="Java Virtual Machine Specification"/>
    <property name="java.awt.printerjob" value="sun.awt.windows.WPrinterJob"/>
    <property name="sun.os.patch.level" value=""/>
    <property name="java.library.path" value="C:\Program Files\Java\jdk\jre\bin;C:\Windows\Sun\Java\bin;C:\Windows\system32;C:\Windows;C:\ProgramData\DockerDesktop\version-bin;C:\Program Files\Docker\Docker\Resources\bin;C:\Windows\system32;C:\Windows;C:\Windows\System32\Wbem;C:\Windows\System32\WindowsPowerShell\v1.0\;C:\Windows\System32\OpenSSH\;C:\ProgramData\chocolatey\bin;C:\Program Files\Git\cmd;C:\Program Files\nodejs\;C:\Program Files\Java\jdk\bin;C:\Program Files\Java\jre\bin;C:\Users\denisa.chicarosa\Downloads\apache-maven-3.6.1-bin\apache-maven-3.6.1\bin;C:\Users\denisa.chicarosa\Desktop\apache-log4j-2.12.0-bin;C:\Users\denisa.chicarosa\Desktop\apache-log4j-2.12.0-bin;."/>
    <property name="java.vm.info" value="mixed mode"/>
    <property name="java.vendor" value="Oracle Corporation"/>
    <property name="java.vm.version" value="25.211-b12"/>
    <property name="java.ext.dirs" value="C:\Program Files\Java\jdk\jre\lib\ext;C:\Windows\Sun\Java\lib\ext"/>
    <property name="sun.io.unicode.encoding" value="UnicodeLittle"/>
    <property name="java.class.version" value="52.0"/>
  </properties>
  <testcase name="testApp" classname="com.boot.AppTest" time="0.007"/>
</testsuite>